<?xml version="1.0" encoding="UTF-8"?>
<!-- Generated by org.testng.reporters.JUnitReportReporter -->
<testsuite hostname="TTNPL-MohammadFarhan" failures="0" tests="1" name="demo.Day2" time="12.411" errors="0" timestamp="2023-03-22T23:16:41 IST" skipped="0">
  <testcase classname="demo.Day2" name="demo1" time="12.411"/>
  <system-out/>
</testsuite> <!-- demo.Day2 -->
